     1	http://en.wikipedia.org/wiki/Self-XSS
     2	http://newsroom.paypal-corp.com/
     3	http://schema.org/
     4	http://www.w3.org/2000/svg
     5	https://about.pypl.com/home/default.aspx
     6	https://about.pypl.com/values-in-action/default.aspx
     7	https://app.adjust.com/1crctx2_n1hc93u?fallback=https%3A%2F%2Fwww.paypal.com%2Fus%2Fwebapps%2Fmpp%2Fmobile-apps
     8	https://app.adjust.com/8f1g2lm_l2eafko?deep_link=paypal%3A%2F%2Fpaypal%3A%2F%2Fhome&amp
     9	https://app.adjust.com/8f1g2lm_l2eafko?deep_link=paypal%3A%2F%2Fpaypal%3A%2F%2Fhome&fallback=https%3A%2F%2Fwww.paypal.com%2Fus%2Fwebapps%2Fmpp%2Ffor-you%2Ftransfer-money%2Fsend-money&redirect_macos=https%3A%2F%2Fwww.paypal.com%2Fus%2Fwebapps%2Fmpp%2Ffor-you%2Ftransfer-money%2Fsend-money
    10	https://developer.paypal.com
    11	https://images.ctfassets.net/7rifqg28wcbd/7AYsP9VfVtNpNRS3XHfv3e/6f170fa7c33bd6b567b3383a2b390e60/Instant-notification-img-2x-desktop.png
    12	https://investor.paypal-corp.com/
    13	https://publicpolicy.paypal-corp.com
    14	https://t.paypal.com/ts
    15	https://t.paypal.com/ts?nojs=1&amp
    16	https://www.google-analytics.com
    17	https://www.nexus.ensighten.com
    18	https://www.paypal.com
    19	https://www.paypal.com/
    20	https://www.paypal.com/myaccount/privacy/cookiePrefs/accept?marketing=false&performance=false&functional=false&type=explicit_banner
    21	https://www.paypal.com/myaccount/privacy/cookiePrefs/accept?marketing=true&performance=true&functional=true&type=explicit_banner
    22	https://www.paypal.com/myaccount/privacy/cookiePrefs?locale=en_US
    23	https://www.paypal.com/privacy-center
    24	https://www.paypal.com/purchaseprotection
    25	https://www.paypal.com/shopping/store/1-800-baskets
    26	https://www.paypal.com/shopping/store/1-800-contacts
    27	https://www.paypal.com/shopping/store/1-800-flowers
    28	https://www.paypal.com/shopping/store/abt-electronics
    29	https://www.paypal.com/shopping/store/ace-hardware
    30	https://www.paypal.com/shopping/store/adameve
    31	https://www.paypal.com/shopping/store/adorama
    32	https://www.paypal.com/shopping/store/ae
    33	https://www.paypal.com/shopping/store/aeropostale
    34	https://www.paypal.com/shopping/store/aliexpress
    35	https://www.paypal.com/shopping/store/ancestry
    36	https://www.paypal.com/shopping/store/ann-taylor
    37	https://www.paypal.com/shopping/store/ann-taylor-factory
    38	https://www.paypal.com/shopping/store/apple
    39	https://www.paypal.com/shopping/store/ashley-furniture
    40	https://www.paypal.com/shopping/store/at-t
    41	https://www.paypal.com/shopping/store/at-t-wireless
    42	https://www.paypal.com/shopping/store/athleta
    43	https://www.paypal.com/shopping/store/barkbox
    44	https://www.paypal.com/shopping/store/basspro
    45	https://www.paypal.com/shopping/store/bed-bath-beyond
    46	https://www.paypal.com/shopping/store/belk
    47	https://www.paypal.com/shopping/store/bhcosmetics
    48	https://www.paypal.com/shopping/store/bissell
    49	https://www.paypal.com/shopping/store/bjs-wholesale-club
    50	https://www.paypal.com/shopping/store/bloomingdales
    51	https://www.paypal.com/shopping/store/booking
    52	https://www.paypal.com/shopping/store/bose
    53	https://www.paypal.com/shopping/store/buybuybaby
    54	https://www.paypal.com/shopping/store/cabelas
    55	https://www.paypal.com/shopping/store/calin-klein-us
    56	https://www.paypal.com/shopping/store/canon
    57	https://www.paypal.com/shopping/store/casetify
    58	https://www.paypal.com/shopping/store/casper
    59	https://www.paypal.com/shopping/store/cbs-all-access
    60	https://www.paypal.com/shopping/store/chicos
    61	https://www.paypal.com/shopping/store/coach
    62	https://www.paypal.com/shopping/store/coach-outlet
    63	https://www.paypal.com/shopping/store/columbia
    64	https://www.paypal.com/shopping/store/contacts-direct
    65	https://www.paypal.com/shopping/store/converse
    66	https://www.paypal.com/shopping/store/cpo-outlets
    67	https://www.paypal.com/shopping/store/dell
    68	https://www.paypal.com/shopping/store/dell-small-business
    69	https://www.paypal.com/shopping/store/disney
    70	https://www.paypal.com/shopping/store/doordash-dasher
    71	https://www.paypal.com/shopping/store/dyson
    72	https://www.paypal.com/shopping/store/e-zup
    73	https://www.paypal.com/shopping/store/eastbay
    74	https://www.paypal.com/shopping/store/ebay
    75	https://www.paypal.com/shopping/store/edx
    76	https://www.paypal.com/shopping/store/ems
    77	https://www.paypal.com/shopping/store/esteelauder
    78	https://www.paypal.com/shopping/store/eves-addiction
    79	https://www.paypal.com/shopping/store/express
    80	https://www.paypal.com/shopping/store/fanatics
    81	https://www.paypal.com/shopping/store/farfetch-us
    82	https://www.paypal.com/shopping/store/finish-line
    83	https://www.paypal.com/shopping/store/footlocker
    84	https://www.paypal.com/shopping/store/forever21
    85	https://www.paypal.com/shopping/store/fossil
    86	https://www.paypal.com/shopping/store/from-you-flowers
    87	https://www.paypal.com/shopping/store/gander-mountain
    88	https://www.paypal.com/shopping/store/gap
    89	https://www.paypal.com/shopping/store/gnc
    90	https://www.paypal.com/shopping/store/go-pro
    91	https://www.paypal.com/shopping/store/groupon
    92	https://www.paypal.com/shopping/store/harry-david
    93	https://www.paypal.com/shopping/store/hello-fresh
    94	https://www.paypal.com/shopping/store/hobbylobby
    95	https://www.paypal.com/shopping/store/home-chef
    96	https://www.paypal.com/shopping/store/home-depot
    97	https://www.paypal.com/shopping/store/hp
    98	https://www.paypal.com/shopping/store/hsn
    99	https://www.paypal.com/shopping/store/irobot
   100	https://www.paypal.com/shopping/store/jcpenney
   101	https://www.paypal.com/shopping/store/jcrew
   102	https://www.paypal.com/shopping/store/jcrew-factory
   103	https://www.paypal.com/shopping/store/jegs
   104	https://www.paypal.com/shopping/store/journeys
   105	https://www.paypal.com/shopping/store/just-for-men
   106	https://www.paypal.com/shopping/store/kate-spade
   107	https://www.paypal.com/shopping/store/keurig
   108	https://www.paypal.com/shopping/store/kohls
   109	https://www.paypal.com/shopping/store/landsend
   110	https://www.paypal.com/shopping/store/lenovo
   111	https://www.paypal.com/shopping/store/levi-s
   112	https://www.paypal.com/shopping/store/life-is-good
   113	https://www.paypal.com/shopping/store/loccitane
   114	https://www.paypal.com/shopping/store/loft
   115	https://www.paypal.com/shopping/store/logitech
   116	https://www.paypal.com/shopping/store/lowes
   117	https://www.paypal.com/shopping/store/luckyvitamin
   118	https://www.paypal.com/shopping/store/lululemon
   119	https://www.paypal.com/shopping/store/macys
   120	https://www.paypal.com/shopping/store/made-well
   121	https://www.paypal.com/shopping/store/mattress-firm
   122	https://www.paypal.com/shopping/store/merrell
   123	https://www.paypal.com/shopping/store/michael-kors
   124	https://www.paypal.com/shopping/store/michaels
   125	https://www.paypal.com/shopping/store/microsoft-store
   126	https://www.paypal.com/shopping/store/motorola-us
   127	https://www.paypal.com/shopping/store/nasty-gal
   128	https://www.paypal.com/shopping/store/nike
   129	https://www.paypal.com/shopping/store/nordstrom
   130	https://www.paypal.com/shopping/store/office-depot
   131	https://www.paypal.com/shopping/store/old-navy
   132	https://www.paypal.com/shopping/store/omaha-steaks
   133	https://www.paypal.com/shopping/store/onpurple
   134	https://www.paypal.com/shopping/store/orion-telescopes-and-binoculars
   135	https://www.paypal.com/shopping/store/osprey
   136	https://www.paypal.com/shopping/store/otterbox
   137	https://www.paypal.com/shopping/store/overstock
   138	https://www.paypal.com/shopping/store/petco
   139	https://www.paypal.com/shopping/store/pretty-little-thing-us
   140	https://www.paypal.com/shopping/store/princess-polly-us
   141	https://www.paypal.com/shopping/store/puma
   142	https://www.paypal.com/shopping/store/quickbooks
   143	https://www.paypal.com/shopping/store/quill
   144	https://www.paypal.com/shopping/store/rcn
   145	https://www.paypal.com/shopping/store/red-bubble
   146	https://www.paypal.com/shopping/store/reebok
   147	https://www.paypal.com/shopping/store/restaurant
   148	https://www.paypal.com/shopping/store/rosetta-stone
   149	https://www.paypal.com/shopping/store/rotita
   150	https://www.paypal.com/shopping/store/saatva
   151	https://www.paypal.com/shopping/store/safelite
   152	https://www.paypal.com/shopping/store/samsclub
   153	https://www.paypal.com/shopping/store/samsonite
   154	https://www.paypal.com/shopping/store/samsung
   155	https://www.paypal.com/shopping/store/sanuk
   156	https://www.paypal.com/shopping/store/saucony
   157	https://www.paypal.com/shopping/store/send-flowers
   158	https://www.paypal.com/shopping/store/sephora
   159	https://www.paypal.com/shopping/store/sharis-berries
   160	https://www.paypal.com/shopping/store/shoemall
   161	https://www.paypal.com/shopping/store/shoes
   162	https://www.paypal.com/shopping/store/shopbop
   163	https://www.paypal.com/shopping/store/smile-direct-club
   164	https://www.paypal.com/shopping/store/sorel
   165	https://www.paypal.com/shopping/store/south-beach-diet
   166	https://www.paypal.com/shopping/store/staples
   167	https://www.paypal.com/shopping/store/steve-madden
   168	https://www.paypal.com/shopping/store/sun-basket
   169	https://www.paypal.com/shopping/store/sunglass-hut
   170	https://www.paypal.com/shopping/store/teva
   171	https://www.paypal.com/shopping/store/thefryecompany
   172	https://www.paypal.com/shopping/store/tigerdirect
   173	https://www.paypal.com/shopping/store/tire-buyer
   174	https://www.paypal.com/shopping/store/tire-rack
   175	https://www.paypal.com/shopping/store/truereligion
   176	https://www.paypal.com/shopping/store/uber-eats-eater
   177	https://www.paypal.com/shopping/store/udemy
   178	https://www.paypal.com/shopping/store/ugg-au
   179	https://www.paypal.com/shopping/store/ulta
   180	https://www.paypal.com/shopping/store/verizon-broadband
   181	https://www.paypal.com/shopping/store/verizonwireless
   182	https://www.paypal.com/shopping/store/vitacost
   183	https://www.paypal.com/shopping/store/vitamin-shoppe
   184	https://www.paypal.com/shopping/store/vitamix
   185	https://www.paypal.com/shopping/store/walgreens
   186	https://www.paypal.com/shopping/store/wd-store
   187	https://www.paypal.com/shopping/store/weight-watchers
   188	https://www.paypal.com/shopping/store/wilsons-leather
   189	https://www.paypal.com/shopping/store/xfinity
   190	https://www.paypal.com/shopping/store/zaful
   191	https://www.paypal.com/shopping/store/zales
   192	https://www.paypal.com/shopping/store/zoro-tools
   193	https://www.paypal.com/shopping/store/zulily
   194	https://www.paypal.com/us
   195	https://www.paypal.com/us/brc
   196	https://www.paypal.com/us/business
   197	https://www.paypal.com/us/business/accelerate-growth
   198	https://www.paypal.com/us/business/accept-payments
   199	https://www.paypal.com/us/business/buy-now-pay-later
   200	https://www.paypal.com/us/business/getting-started
   201	https://www.paypal.com/us/business/make-payments
   202	https://www.paypal.com/us/business/manage-risk
   203	https://www.paypal.com/us/business/platforms-and-marketplaces
   204	https://www.paypal.com/us/business/solutions
   205	https://www.paypal.com/us/business/streamline-operations
   206	https://www.paypal.com/us/cgi-bin/webscr?cmd=_account
   207	https://www.paypal.com/us/enterprise
   208	https://www.paypal.com/us/enterprise/accelerate-growth
   209	https://www.paypal.com/us/enterprise/accept-payments
   210	https://www.paypal.com/us/enterprise/make-payments
   211	https://www.paypal.com/us/enterprise/manage-risk
   212	https://www.paypal.com/us/enterprise/platform
   213	https://www.paypal.com/us/enterprise/streamline-operations
   214	https://www.paypal.com/us/for-you/pay-in-4?utm_medium=web&amp
   215	https://www.paypal.com/us/home
   216	https://www.paypal.com/us/myaccount/crypto/
   217	https://www.paypal.com/us/myaccount/privacy/cookiePrefs
   218	https://www.paypal.com/us/signin
   219	https://www.paypal.com/us/smarthelp/contact-us
   220	https://www.paypal.com/us/smarthelp/home
   221	https://www.paypal.com/us/webapps/mpp/accessibility
   222	https://www.paypal.com/us/webapps/mpp/account-selection
   223	https://www.paypal.com/us/webapps/mpp/credit-line-and-card-services
   224	https://www.paypal.com/us/webapps/mpp/enterprise
   225	https://www.paypal.com/us/webapps/mpp/for-you/transfer-money/send-money
   226	https://www.paypal.com/us/webapps/mpp/full-sitemap
   227	https://www.paypal.com/us/webapps/mpp/home
   228	https://www.paypal.com/us/webapps/mpp/how-paypal-works
   229	https://www.paypal.com/us/webapps/mpp/jobs
   230	https://www.paypal.com/us/webapps/mpp/merchant
   231	https://www.paypal.com/us/webapps/mpp/merchant-fees
   232	https://www.paypal.com/us/webapps/mpp/mobile-apps
   233	https://www.paypal.com/us/webapps/mpp/mobile-apps/paypal-app
   234	https://www.paypal.com/us/webapps/mpp/money-management
   235	https://www.paypal.com/us/webapps/mpp/nfp
   236	https://www.paypal.com/us/webapps/mpp/partner-program
   237	https://www.paypal.com/us/webapps/mpp/pay-online
   238	https://www.paypal.com/us/webapps/mpp/paypal-fees
   239	https://www.paypal.com/us/webapps/mpp/paypal-safety-and-security
   240	https://www.paypal.com/us/webapps/mpp/qrcode
   241	https://www.paypal.com/us/webapps/mpp/requesting-payments
   242	https://www.paypal.com/us/webapps/mpp/send-money-online
   243	https://www.paypal.com/us/webapps/mpp/shopping-selection
   244	https://www.paypal.com/us/webapps/mpp/ua/legalhub-full
   245	https://www.paypalobjects.com
   246	https://www.paypalobjects.com/activation/js/marketingIntentsV2.js
   247	https://www.paypalobjects.com/digitalassets/c/paypal-ui/fonts/PayPalSansBig-Light.woff2
   248	https://www.paypalobjects.com/digitalassets/c/paypal-ui/fonts/PayPalSansBig-Regular.eot?#iefix
   249	https://www.paypalobjects.com/digitalassets/c/paypal-ui/fonts/PayPalSansBig-Regular.svg
   250	https://www.paypalobjects.com/digitalassets/c/paypal-ui/fonts/PayPalSansBig-Regular.woff
   251	https://www.paypalobjects.com/digitalassets/c/paypal-ui/fonts/PayPalSansBig-Regular.woff2
   252	https://www.paypalobjects.com/digitalassets/c/paypal-ui/fonts/PayPalSansSmall-Regular.woff2
   253	https://www.paypalobjects.com/helpcenter/smartchat/sales/v1/open-chat.js
   254	https://www.paypalobjects.com/marketing-resources/css/bf/e2d5c267539b81e4f9c186ea5c6175cd933bd4.css
   255	https://www.paypalobjects.com/marketing-resources/js/89/6980d087651623444b0746bc8b77da605f92a4.js
   256	https://www.paypalobjects.com/marketing-resources/vendors/react-17_0_1-bundle.js
   257	https://www.paypalobjects.com/marketing/web/us/en/home/Everyday-Essentials/LOGOS_120x50_SPOTIFY.png
   258	https://www.paypalobjects.com/marketing/web/us/en/home/Everyday-Essentials/LOGOS_120x50_US_GRUBHUB.png
   259	https://www.paypalobjects.com/marketing/web/us/en/home/Everyday-Essentials/LOGOS_120x50_US_HULU.png
   260	https://www.paypalobjects.com/marketing/web/us/en/home/Everyday-Essentials/LOGOS_120x50_US_POTTERYBARN.png
   261	https://www.paypalobjects.com/marketing/web/us/en/home/Everyday-Essentials/LOGOS_120x50_US_ULTA.png
   262	https://www.paypalobjects.com/marketing/web/us/en/home/Everyday-Essentials/groupon.png
   263	https://www.paypalobjects.com/marketing/web/us/en/home/PPYL_Onsite_Homepage_Crypto_V1_052621_Desktop_Illustration_2x.png
   264	https://www.paypalobjects.com/marketing/web/us/en/home/everydayessential/v5/PayPal_UltimateHomepage_Desktop_1600x800_Dollar-left.mp4
   265	https://www.paypalobjects.com/marketing/web/us/en/home/home/poster.jpg
   266	https://www.paypalobjects.com/marketing/web/us/en/home/uncookied-treatment-v5/Pizza-img-2x-desktop.png
   267	https://www.paypalobjects.com/marketing/web/us/en/home/uncookied-treatment-v5/sendmoney-qrc-img-2x-desktop.png
   268	https://www.paypalobjects.com/marketing/web/us/en/home/uncookied-treatment_v6/Pay-in-4-img2x-desktop.png
   269	https://www.paypalobjects.com/pa/js/min/pa.js
   270	https://www.paypalobjects.com/tagmgmt/bs-chunk.js
   271	https://www.paypalobjects.com/webstatic/i/logo/rebrand/ppcom.png
   272	https://www.paypalobjects.com/webstatic/icon/favicon.ico
   273	https://www.paypalobjects.com/webstatic/icon/pp114.png
   274	https://www.paypalobjects.com/webstatic/icon/pp144.png
   275	https://www.paypalobjects.com/webstatic/icon/pp196.png
   276	https://www.paypalobjects.com/webstatic/icon/pp258.png
   277	https://www.paypalobjects.com/webstatic/icon/pp32.png
   278	https://www.paypalobjects.com/webstatic/icon/pp64.png
   279	https://www.paypalobjects.com/webstatic/icon/pp72.png
